

Keystrokes are now being recorded
Thu Dec  1 10:18:44 2022

[left-ctrl]c

Keystrokes are now being recorded
Tue Dec  6 02:02:24 2022



Keystrokes are now being recorded
Tue Dec  6 02:05:25 2022



Keystrokes are now being recorded
Tue Dec  6 02:07:25 2022



Keystrokes are now being recorded
Tue Dec  6 02:08:18 2022



Keystrokes are now being recorded
Tue Dec  6 02:14:51 2022



Keystrokes are now being recorded
Tue Dec  6 02:18:28 2022



Keystrokes are now being recorded
Tue Dec  6 02:21:17 2022



Keystrokes are now being recorded
Tue Dec  6 02:24:25 2022



Keystrokes are now being recorded
Tue Dec  6 02:26:16 2022



Keystrokes are now being recorded
Tue Dec  6 02:26:41 2022



Keystrokes are now being recorded
Tue Dec  6 09:59:58 2022



Keystrokes are now being recorded
Tue Dec  6 10:20:18 2022



Keystrokes are now being recorded
Tue Dec  6 10:22:26 2022

fdfsgddfgsdfggfggsdfggsdfggfsdfgsdfg[z[leif[de[del[del]// if enter ius [del][del] [tab]z[l[le[up][righ[left-[del][left-cmxzccc[left-cmd]v[l[le][left[left][right][left-sh0[left-shif;[left][right][del][left][left]ase[lefz[left-[left-c[left-shzzz[left-shift][left-cmd][left-cmd]z[left-cmd]ddssddf

Keystrokes are now being recorded
Tue Dec  6 10:30:49 2022



Keystrokes are now being recorded
Tue Dec  6 10:32:28 2022

